---------------------------------------------------------------------------------------------------------------------
      name:  <unnamed>
       log:  E:\MyWorks\RIETI_Project\Stata_RePEc_MORANSI\github\moransi\demo\japan_mesh_pop\log/LOG_moransi_columbus
> .log
  log type:  text
 opened on:  20 Mar 2025, 15:24:03

. 
. 
. /************************
> ** Moran's I Statistic
> ** Spatial Weight Matrix from Distance Matrix
> ************************/
. 
. ** Load Dataset
. use "data/DTA_ur_1980_2005_all.dta", clear
file data/DTA_ur_1980_2005_all.dta not found
r(601);

end of do-file

r(601);

. exit, clear
